[2020-08-31 09:33:03] app.INFO: Protect vendor folder in module contactform [] []
[2020-08-31 09:33:03] app.INFO: Module contactform has no vendor folder [] []
[2020-08-31 09:33:04] app.INFO: Protect vendor folder in module dashactivity [] []
[2020-08-31 09:33:04] app.INFO: Module dashactivity has no vendor folder [] []
[2020-08-31 09:33:04] app.INFO: Protect vendor folder in module dashtrends [] []
[2020-08-31 09:33:04] app.INFO: Module dashtrends has no vendor folder [] []
[2020-08-31 09:33:04] app.INFO: Protect vendor folder in module dashgoals [] []
[2020-08-31 09:33:04] app.INFO: Module dashgoals has no vendor folder [] []
[2020-08-31 09:33:04] app.INFO: Protect vendor folder in module dashproducts [] []
[2020-08-31 09:33:04] app.INFO: Module dashproducts has no vendor folder [] []
[2020-08-31 09:33:04] app.INFO: Protect vendor folder in module graphnvd3 [] []
[2020-08-31 09:33:04] app.INFO: Module graphnvd3 has no vendor folder [] []
[2020-08-31 09:33:04] app.INFO: Protect vendor folder in module gridhtml [] []
[2020-08-31 09:33:04] app.INFO: Module gridhtml has no vendor folder [] []
[2020-08-31 09:33:04] app.INFO: Protect vendor folder in module gsitemap [] []
[2020-08-31 09:33:04] app.INFO: Module gsitemap has no vendor folder [] []
[2020-08-31 09:33:04] app.INFO: Protect vendor folder in module ps_banner [] []
[2020-08-31 09:33:04] app.INFO: Module ps_banner has no vendor folder [] []
[2020-08-31 09:33:04] app.INFO: Protect vendor folder in module ps_categorytree [] []
[2020-08-31 09:33:04] app.INFO: Module ps_categorytree has no vendor folder [] []
[2020-08-31 09:33:04] app.INFO: Protect vendor folder in module ps_checkpayment [] []
[2020-08-31 09:33:04] app.INFO: Module ps_checkpayment has no vendor folder [] []
[2020-08-31 09:33:04] app.INFO: Protect vendor folder in module ps_contactinfo [] []
[2020-08-31 09:33:04] app.INFO: Module ps_contactinfo has no vendor folder [] []
[2020-08-31 09:33:04] app.INFO: Protect vendor folder in module ps_currencyselector [] []
[2020-08-31 09:33:04] app.INFO: Module ps_currencyselector has no vendor folder [] []
[2020-08-31 09:33:05] app.INFO: Protect vendor folder in module ps_customeraccountlinks [] []
[2020-08-31 09:33:05] app.INFO: Module ps_customeraccountlinks has no vendor folder [] []
[2020-08-31 09:33:05] app.INFO: Protect vendor folder in module ps_customersignin [] []
[2020-08-31 09:33:05] app.INFO: Module ps_customersignin has no vendor folder [] []
[2020-08-31 09:33:05] app.INFO: Protect vendor folder in module ps_customtext [] []
[2020-08-31 09:33:05] app.INFO: Module ps_customtext has no vendor folder [] []
[2020-08-31 09:33:05] app.INFO: Protect vendor folder in module ps_emailsubscription [] []
[2020-08-31 09:33:05] app.INFO: Module ps_emailsubscription has no vendor folder [] []
[2020-08-31 09:33:05] app.INFO: Protect vendor folder in module ps_facetedsearch [] []
[2020-08-31 09:33:05] app.INFO: Module ps_facetedsearch has no vendor folder [] []
[2020-08-31 09:33:05] app.INFO: Protect vendor folder in module ps_faviconnotificationbo [] []
[2020-08-31 09:33:05] app.INFO: Module ps_faviconnotificationbo has no vendor folder [] []
[2020-08-31 09:33:05] app.INFO: Protect vendor folder in module ps_featuredproducts [] []
[2020-08-31 09:33:05] app.INFO: Module ps_featuredproducts has no vendor folder [] []
[2020-08-31 09:33:06] app.INFO: Protect vendor folder in module ps_imageslider [] []
[2020-08-31 09:33:06] app.INFO: Module ps_imageslider has no vendor folder [] []
[2020-08-31 09:33:06] app.INFO: Protect vendor folder in module ps_languageselector [] []
[2020-08-31 09:33:06] app.INFO: Module ps_languageselector has no vendor folder [] []
[2020-08-31 09:33:06] app.INFO: Protect vendor folder in module ps_linklist [] []
[2020-08-31 09:33:06] app.INFO: Module ps_linklist has no vendor folder [] []
[2020-08-31 09:33:06] app.ERROR: Class "AdminLinkWidgetController" not found in controllers/admin [] []
[2020-08-31 09:33:06] app.INFO: Protect vendor folder in module ps_mainmenu [] []
[2020-08-31 09:33:06] app.INFO: Module ps_mainmenu has no vendor folder [] []
[2020-08-31 09:33:06] app.INFO: Protect vendor folder in module ps_searchbar [] []
[2020-08-31 09:33:06] app.INFO: Module ps_searchbar has no vendor folder [] []
[2020-08-31 09:33:06] app.INFO: Protect vendor folder in module ps_sharebuttons [] []
[2020-08-31 09:33:06] app.INFO: Module ps_sharebuttons has no vendor folder [] []
[2020-08-31 09:33:06] app.INFO: Protect vendor folder in module ps_shoppingcart [] []
[2020-08-31 09:33:06] app.INFO: Module ps_shoppingcart has no vendor folder [] []
[2020-08-31 09:33:06] app.INFO: Protect vendor folder in module ps_socialfollow [] []
[2020-08-31 09:33:06] app.INFO: Module ps_socialfollow has no vendor folder [] []
[2020-08-31 09:33:06] app.INFO: Protect vendor folder in module ps_themecusto [] []
[2020-08-31 09:33:06] app.INFO: Module ps_themecusto has no vendor folder [] []
[2020-08-31 09:33:07] app.INFO: Protect vendor folder in module ps_wirepayment [] []
[2020-08-31 09:33:07] app.INFO: Module ps_wirepayment has no vendor folder [] []
[2020-08-31 09:33:07] app.INFO: Protect vendor folder in module pagesnotfound [] []
[2020-08-31 09:33:07] app.INFO: Module pagesnotfound has no vendor folder [] []
[2020-08-31 09:33:07] app.INFO: Protect vendor folder in module sekeywords [] []
[2020-08-31 09:33:07] app.INFO: Module sekeywords has no vendor folder [] []
[2020-08-31 09:33:07] app.INFO: Protect vendor folder in module statsbestcategories [] []
[2020-08-31 09:33:07] app.INFO: Module statsbestcategories has no vendor folder [] []
[2020-08-31 09:33:07] app.INFO: Protect vendor folder in module statsbestcustomers [] []
[2020-08-31 09:33:07] app.INFO: Module statsbestcustomers has no vendor folder [] []
[2020-08-31 09:33:07] app.INFO: Protect vendor folder in module statsbestproducts [] []
[2020-08-31 09:33:07] app.INFO: Module statsbestproducts has no vendor folder [] []
[2020-08-31 09:33:07] app.INFO: Protect vendor folder in module statsbestsuppliers [] []
[2020-08-31 09:33:07] app.INFO: Module statsbestsuppliers has no vendor folder [] []
[2020-08-31 09:33:07] app.INFO: Protect vendor folder in module statsbestvouchers [] []
[2020-08-31 09:33:07] app.INFO: Module statsbestvouchers has no vendor folder [] []
[2020-08-31 09:33:07] app.INFO: Protect vendor folder in module statscarrier [] []
[2020-08-31 09:33:07] app.INFO: Module statscarrier has no vendor folder [] []
[2020-08-31 09:33:07] app.INFO: Protect vendor folder in module statscatalog [] []
[2020-08-31 09:33:07] app.INFO: Module statscatalog has no vendor folder [] []
[2020-08-31 09:33:07] app.INFO: Protect vendor folder in module statscheckup [] []
[2020-08-31 09:33:07] app.INFO: Module statscheckup has no vendor folder [] []
[2020-08-31 09:33:07] app.INFO: Protect vendor folder in module statsdata [] []
[2020-08-31 09:33:07] app.INFO: Module statsdata has no vendor folder [] []
[2020-08-31 09:33:07] app.INFO: Protect vendor folder in module statsequipment [] []
[2020-08-31 09:33:07] app.INFO: Module statsequipment has no vendor folder [] []
[2020-08-31 09:33:07] app.INFO: Protect vendor folder in module statsforecast [] []
[2020-08-31 09:33:07] app.INFO: Module statsforecast has no vendor folder [] []
[2020-08-31 09:33:07] app.INFO: Protect vendor folder in module statslive [] []
[2020-08-31 09:33:07] app.INFO: Module statslive has no vendor folder [] []
[2020-08-31 09:33:07] app.INFO: Protect vendor folder in module statsnewsletter [] []
[2020-08-31 09:33:07] app.INFO: Module statsnewsletter has no vendor folder [] []
[2020-08-31 09:33:07] app.INFO: Protect vendor folder in module statsorigin [] []
[2020-08-31 09:33:07] app.INFO: Module statsorigin has no vendor folder [] []
[2020-08-31 09:33:07] app.INFO: Protect vendor folder in module statspersonalinfos [] []
[2020-08-31 09:33:07] app.INFO: Module statspersonalinfos has no vendor folder [] []
[2020-08-31 09:33:07] app.INFO: Protect vendor folder in module statsproduct [] []
[2020-08-31 09:33:07] app.INFO: Module statsproduct has no vendor folder [] []
[2020-08-31 09:33:08] app.INFO: Protect vendor folder in module statsregistrations [] []
[2020-08-31 09:33:08] app.INFO: Module statsregistrations has no vendor folder [] []
[2020-08-31 09:33:08] app.INFO: Protect vendor folder in module statssales [] []
[2020-08-31 09:33:08] app.INFO: Module statssales has no vendor folder [] []
[2020-08-31 09:33:08] app.INFO: Protect vendor folder in module statssearch [] []
[2020-08-31 09:33:08] app.INFO: Module statssearch has no vendor folder [] []
[2020-08-31 09:33:08] app.INFO: Protect vendor folder in module statsstock [] []
[2020-08-31 09:33:08] app.INFO: Module statsstock has no vendor folder [] []
[2020-08-31 09:33:08] app.INFO: Protect vendor folder in module statsvisits [] []
[2020-08-31 09:33:08] app.INFO: Module statsvisits has no vendor folder [] []
[2020-08-31 09:33:08] app.INFO: Protect vendor folder in module welcome [] []
[2020-08-31 09:33:09] app.INFO: Exporting mail with theme modern for language Español (Spanish) [] []
[2020-08-31 09:33:09] app.INFO: Core output folder: C:\wamp64\www\prestashop17pf/mails [] []
[2020-08-31 09:33:09] app.INFO: Modules output folder: C:\wamp64\www\prestashop17pf/modules/ [] []
[2020-08-31 09:33:09] app.INFO: Exporting mail with theme modern for language Español MX (Spanish) [] []
[2020-08-31 09:33:09] app.INFO: Core output folder: C:\wamp64\www\prestashop17pf/mails [] []
[2020-08-31 09:33:09] app.INFO: Modules output folder: C:\wamp64\www\prestashop17pf/modules/ [] []
[2020-08-31 16:25:14] request.INFO: Matched route "admin_module_configure_action". {"route":"admin_module_configure_action","route_parameters":{"_controller":"PrestaShopBundle\\Controller\\Admin\\Improve\\ModuleController::configureModuleAction","_legacy_controller":"AdminModules","module_name":"pagofacil","_route":"admin_module_configure_action"},"request_uri":"http://prestashop17pf.local/admin843xduxvf/index.php/improve/modules/manage/action/configure/pagofacil?_token=OoDdsUP9Z2ldOiBRuzJSSXlvj4CVq1v2YNJx0QcXhbg","method":"GET"} []
[2020-08-31 16:25:14] security.DEBUG: Read existing security token from the session. {"key":"_security_main","token_class":"Symfony\\Component\\Security\\Core\\Authentication\\Token\\UsernamePasswordToken"} []
[2020-08-31 16:25:14] security.DEBUG: User was reloaded from a user provider. {"provider":"PrestaShopBundle\\Security\\Admin\\EmployeeProvider","username":"carlos.gonzalez@pagofacil.net"} []
[2020-08-31 16:25:19] app.ERROR: Data from PrestaShop Addons is invalid, and cannot fallback on cache.  {"exception":"cURL error 28: Operation timed out after 5016 milliseconds with 272021 bytes received"} []
[2020-08-31 16:25:19] security.DEBUG: Stored the security token in the session. {"key":"_security_main"} []
[2020-09-17 21:48:49] request.INFO: Matched route "admin_module_manage". {"route":"admin_module_manage","route_parameters":{"category":null,"keyword":null,"_controller":"PrestaShopBundle\\Controller\\Admin\\Improve\\ModuleController::manageAction","_legacy_controller":"AdminModulesManage","_legacy_link":["AdminModulesManage","AdminModulesSf"],"_route":"admin_module_manage"},"request_uri":"http://prestashop17pf.local/admin843xduxvf/index.php/improve/modules/manage?_token=wgsCgnfwKrsr_6x6y4TfhwF2yBpUh_sEGE33Scdwy-4","method":"GET"} []
[2020-09-17 21:48:49] security.DEBUG: Read existing security token from the session. {"key":"_security_main","token_class":"Symfony\\Component\\Security\\Core\\Authentication\\Token\\UsernamePasswordToken"} []
[2020-09-17 21:48:49] security.DEBUG: User was reloaded from a user provider. {"provider":"PrestaShopBundle\\Security\\Admin\\EmployeeProvider","username":"carlos.gonzalez@pagofacil.net"} []
[2020-09-17 21:48:55] app.ERROR: Data from PrestaShop Addons is invalid, and cannot fallback on cache.  {"exception":"cURL error 28: Operation timed out after 5000 milliseconds with 236893 bytes received"} []
[2020-09-17 21:48:57] security.DEBUG: Stored the security token in the session. {"key":"_security_main"} []
[2020-09-17 21:52:39] request.INFO: Matched route "admin_module_manage". {"route":"admin_module_manage","route_parameters":{"category":null,"keyword":null,"_controller":"PrestaShopBundle\\Controller\\Admin\\Improve\\ModuleController::manageAction","_legacy_controller":"AdminModulesManage","_legacy_link":["AdminModulesManage","AdminModulesSf"],"_route":"admin_module_manage"},"request_uri":"http://prestashop17pf.local/admin843xduxvf/index.php/improve/modules/manage?_token=wgsCgnfwKrsr_6x6y4TfhwF2yBpUh_sEGE33Scdwy-4","method":"GET"} []
[2020-09-17 21:52:39] security.DEBUG: Read existing security token from the session. {"key":"_security_main","token_class":"Symfony\\Component\\Security\\Core\\Authentication\\Token\\UsernamePasswordToken"} []
[2020-09-17 21:52:39] security.DEBUG: User was reloaded from a user provider. {"provider":"PrestaShopBundle\\Security\\Admin\\EmployeeProvider","username":"carlos.gonzalez@pagofacil.net"} []
[2020-09-17 21:52:44] app.ERROR: Data from PrestaShop Addons is invalid, and cannot fallback on cache.  {"exception":"cURL error 28: Operation timed out after 5015 milliseconds with 236893 bytes received"} []
[2020-09-17 21:52:45] security.DEBUG: Stored the security token in the session. {"key":"_security_main"} []
[2020-09-17 21:52:46] request.INFO: Matched route "admin_module_notification_count". {"route":"admin_module_notification_count","route_parameters":{"_controller":"PrestaShopBundle\\Controller\\Admin\\Improve\\Modules\\AlertsController::notificationsCountAction","_legacy_controller":"AdminModulesNotifications","_legacy_link":"AdminModulesNotifications:count","_route":"admin_module_notification_count"},"request_uri":"http://prestashop17pf.local/admin843xduxvf/index.php/improve/modules/alerts/count?_token=wgsCgnfwKrsr_6x6y4TfhwF2yBpUh_sEGE33Scdwy-4","method":"GET"} []
[2020-09-17 21:52:46] security.DEBUG: Read existing security token from the session. {"key":"_security_main","token_class":"Symfony\\Component\\Security\\Core\\Authentication\\Token\\UsernamePasswordToken"} []
[2020-09-17 21:52:46] security.DEBUG: User was reloaded from a user provider. {"provider":"PrestaShopBundle\\Security\\Admin\\EmployeeProvider","username":"carlos.gonzalez@pagofacil.net"} []
[2020-09-17 21:52:52] app.ERROR: Data from PrestaShop Addons is invalid, and cannot fallback on cache.  {"exception":"cURL error 28: Operation timed out after 5000 milliseconds with 275829 bytes received"} []
[2020-09-17 21:52:52] security.DEBUG: Stored the security token in the session. {"key":"_security_main"} []
[2020-09-17 21:53:09] request.INFO: Matched route "admin_module_catalog_refresh". {"route":"admin_module_catalog_refresh","route_parameters":{"category":null,"keyword":null,"_controller":"PrestaShopBundle\\Controller\\Admin\\Improve\\ModuleController::refreshCatalogAction","_legacy_controller":"AdminModulesCatalog","_legacy_link":"AdminModulesCatalog:refresh","_route":"admin_module_catalog_refresh"},"request_uri":"http://prestashop17pf.local/admin843xduxvf/index.php/improve/modules/catalog/refresh?_token=wgsCgnfwKrsr_6x6y4TfhwF2yBpUh_sEGE33Scdwy-4","method":"GET"} []
[2020-09-17 21:53:10] security.DEBUG: Read existing security token from the session. {"key":"_security_main","token_class":"Symfony\\Component\\Security\\Core\\Authentication\\Token\\UsernamePasswordToken"} []
[2020-09-17 21:53:10] security.DEBUG: User was reloaded from a user provider. {"provider":"PrestaShopBundle\\Security\\Admin\\EmployeeProvider","username":"carlos.gonzalez@pagofacil.net"} []
[2020-09-17 21:53:15] app.ERROR: Data from PrestaShop Addons is invalid, and cannot fallback on cache.  {"exception":"cURL error 28: Operation timed out after 5000 milliseconds with 845443 bytes received"} []
[2020-09-17 21:53:15] security.DEBUG: Stored the security token in the session. {"key":"_security_main"} []
[2020-09-17 21:53:09] request.INFO: Matched route "admin_module_notification_count". {"route":"admin_module_notification_count","route_parameters":{"_controller":"PrestaShopBundle\\Controller\\Admin\\Improve\\Modules\\AlertsController::notificationsCountAction","_legacy_controller":"AdminModulesNotifications","_legacy_link":"AdminModulesNotifications:count","_route":"admin_module_notification_count"},"request_uri":"http://prestashop17pf.local/admin843xduxvf/index.php/improve/modules/alerts/count?_token=wgsCgnfwKrsr_6x6y4TfhwF2yBpUh_sEGE33Scdwy-4","method":"GET"} []
[2020-09-17 21:53:16] security.DEBUG: Read existing security token from the session. {"key":"_security_main","token_class":"Symfony\\Component\\Security\\Core\\Authentication\\Token\\UsernamePasswordToken"} []
[2020-09-17 21:53:16] security.DEBUG: User was reloaded from a user provider. {"provider":"PrestaShopBundle\\Security\\Admin\\EmployeeProvider","username":"carlos.gonzalez@pagofacil.net"} []
[2020-09-17 21:53:21] app.ERROR: Data from PrestaShop Addons is invalid, and cannot fallback on cache.  {"exception":"cURL error 28: Operation timed out after 5015 milliseconds with 865644 bytes received"} []
[2020-09-17 21:53:21] security.DEBUG: Stored the security token in the session. {"key":"_security_main"} []
[2020-09-17 21:56:19] request.INFO: Matched route "admin_module_manage". {"route":"admin_module_manage","route_parameters":{"category":null,"keyword":null,"_controller":"PrestaShopBundle\\Controller\\Admin\\Improve\\ModuleController::manageAction","_legacy_controller":"AdminModulesManage","_legacy_link":["AdminModulesManage","AdminModulesSf"],"_route":"admin_module_manage"},"request_uri":"http://prestashop17pf.local/admin843xduxvf/index.php/improve/modules/manage?_token=wgsCgnfwKrsr_6x6y4TfhwF2yBpUh_sEGE33Scdwy-4","method":"GET"} []
[2020-09-17 21:56:19] security.DEBUG: Read existing security token from the session. {"key":"_security_main","token_class":"Symfony\\Component\\Security\\Core\\Authentication\\Token\\UsernamePasswordToken"} []
[2020-09-17 21:56:19] security.DEBUG: User was reloaded from a user provider. {"provider":"PrestaShopBundle\\Security\\Admin\\EmployeeProvider","username":"carlos.gonzalez@pagofacil.net"} []
[2020-09-17 21:56:24] app.ERROR: Data from PrestaShop Addons is invalid, and cannot fallback on cache.  {"exception":"cURL error 28: Operation timed out after 5000 milliseconds with 859932 bytes received"} []
[2020-09-17 21:56:28] security.DEBUG: Stored the security token in the session. {"key":"_security_main"} []
[2020-09-17 21:56:29] request.INFO: Matched route "admin_module_notification_count". {"route":"admin_module_notification_count","route_parameters":{"_controller":"PrestaShopBundle\\Controller\\Admin\\Improve\\Modules\\AlertsController::notificationsCountAction","_legacy_controller":"AdminModulesNotifications","_legacy_link":"AdminModulesNotifications:count","_route":"admin_module_notification_count"},"request_uri":"http://prestashop17pf.local/admin843xduxvf/index.php/improve/modules/alerts/count?_token=wgsCgnfwKrsr_6x6y4TfhwF2yBpUh_sEGE33Scdwy-4","method":"GET"} []
[2020-09-17 21:56:29] security.DEBUG: Read existing security token from the session. {"key":"_security_main","token_class":"Symfony\\Component\\Security\\Core\\Authentication\\Token\\UsernamePasswordToken"} []
[2020-09-17 21:56:29] security.DEBUG: User was reloaded from a user provider. {"provider":"PrestaShopBundle\\Security\\Admin\\EmployeeProvider","username":"carlos.gonzalez@pagofacil.net"} []
[2020-09-17 21:56:34] app.ERROR: Data from PrestaShop Addons is invalid, and cannot fallback on cache.  {"exception":"cURL error 28: Operation timed out after 5015 milliseconds with 570732 bytes received"} []
[2020-09-17 21:56:35] security.DEBUG: Stored the security token in the session. {"key":"_security_main"} []
[2020-09-23 13:03:02] request.INFO: Matched route "admin_module_manage". {"route":"admin_module_manage","route_parameters":{"category":null,"keyword":null,"_controller":"PrestaShopBundle\\Controller\\Admin\\Improve\\ModuleController::manageAction","_legacy_controller":"AdminModulesManage","_legacy_link":["AdminModulesManage","AdminModulesSf"],"_route":"admin_module_manage"},"request_uri":"http://prestashop17pf.local/admin843xduxvf/index.php/improve/modules/manage?_token=b3UvSfNFz4HD3mpT0MY264UHDXrJ74kHRBloLTov3X4","method":"GET"} []
[2020-09-23 13:03:02] security.DEBUG: Read existing security token from the session. {"key":"_security_main","token_class":"Symfony\\Component\\Security\\Core\\Authentication\\Token\\UsernamePasswordToken"} []
[2020-09-23 13:03:02] security.DEBUG: User was reloaded from a user provider. {"provider":"PrestaShopBundle\\Security\\Admin\\EmployeeProvider","username":"carlos.gonzalez@pagofacil.net"} []
[2020-09-23 13:03:07] app.ERROR: Data from PrestaShop Addons is invalid, and cannot fallback on cache.  {"exception":"cURL error 28: Operation timed out after 5000 milliseconds with 505205 bytes received"} []
[2020-09-23 13:03:08] security.DEBUG: Stored the security token in the session. {"key":"_security_main"} []
[2020-09-25 15:57:23] request.INFO: Matched route "admin_module_configure_action". {"route":"admin_module_configure_action","route_parameters":{"_controller":"PrestaShopBundle\\Controller\\Admin\\Improve\\ModuleController::configureModuleAction","_legacy_controller":"AdminModules","module_name":"pagofacil","_route":"admin_module_configure_action"},"request_uri":"http://prestashop17pf.local/admin843xduxvf/index.php/improve/modules/manage/action/configure/pagofacil?_token=nA0rU4bYmwqEIEYjEbdpLYEHhMznQPrshefvNEBhJF4","method":"GET"} []
[2020-09-25 15:57:23] security.DEBUG: Read existing security token from the session. {"key":"_security_main","token_class":"Symfony\\Component\\Security\\Core\\Authentication\\Token\\UsernamePasswordToken"} []
[2020-09-25 15:57:23] security.DEBUG: User was reloaded from a user provider. {"provider":"PrestaShopBundle\\Security\\Admin\\EmployeeProvider","username":"carlos.gonzalez@pagofacil.net"} []
[2020-09-25 15:57:28] app.ERROR: Data from PrestaShop Addons is invalid, and cannot fallback on cache.  {"exception":"cURL error 28: Operation timed out after 5000 milliseconds with 874403 bytes received"} []
[2020-09-25 15:57:30] security.DEBUG: Stored the security token in the session. {"key":"_security_main"} []
